<?xml version="1.0" encoding="UTF-8" ?>
<testsuite errors="0" failures="0" hostname="logti-a3324-29" name="tests.JoueurTest" tests="5" time="0.116" timestamp="2012-11-14T02:15:56">
  <properties>
    <property name="java.vendor" value="Sun Microsystems Inc." />
    <property name="ant.file.type.LOG-LABO-3" value="file" />
    <property name="env.DEFLOGDIR" value="C:\ProgramData\McAfee\DesktopProtection" />
    <property name="env.VS90COMNTOOLS" value="C:\Program Files (x86)\Microsoft Visual Studio 10.0\Common7\Tools\" />
    <property name="sun.java.launcher" value="SUN_STANDARD" />
    <property name="sun.management.compiler" value="HotSpot Client Compiler" />
    <property name="env.PROMPT" value="$P$G" />
    <property name="os.name" value="Windows 7" />
    <property name="env.FP_NO_HOST_CHECK" value="NO" />
    <property name="sun.boot.class.path" value="C:\oracle\java\jdk6\jre\lib\resources.jar;C:\oracle\java\jdk6\jre\lib\rt.jar;C:\oracle\java\jdk6\jre\lib\sunrsasign.jar;C:\oracle\java\jdk6\jre\lib\jsse.jar;C:\oracle\java\jdk6\jre\lib\jce.jar;C:\oracle\java\jdk6\jre\lib\charsets.jar;C:\oracle\java\jdk6\jre\lib\modules\jdk.boot.jar;C:\oracle\java\jdk6\jre\classes" />
    <property name="env.COMPUTERNAME" value="LOGTI-A3324-29" />
    <property name="env.CommonProgramW6432" value="C:\Program Files\Common Files" />
    <property name="env.JACORB_HOME" value="C:\jacorb\2.3.1_x64" />
    <property name="env.ALLUSERSPROFILE" value="C:\ProgramData" />
    <property name="ant.file.LOG-LABO-3" value="J:\Workspace\LOG-LABO-3\build.xml" />
    <property name="sun.desktop" value="windows" />
    <property name="java.vm.specification.vendor" value="Sun Microsystems Inc." />
    <property name="ant.home" value="c:\apache\ant\1.8.2" />
    <property name="java.runtime.version" value="1.6.0_30-b12" />
    <property name="env.HOMEPATH" value="\Users\AJ86150" />
    <property name="user.name" value="AJ86150" />
    <property name="env.VSINSTALLDIR" value="C:\Program Files (x86)\Microsoft Visual Studio 10.0" />
    <property name="env.QTJAVA" value="C:\Program Files (x86)\Java\jre6\lib\ext\QTJava.zip" />
    <property name="env.FrameworkVersion" value="v2.0.50727" />
    <property name="user.language" value="fr" />
    <property name="env.PT5HOME" value="C:\Program Files (x86)\Cisco Packet Tracer 5.3.2" />
    <property name="sun.boot.library.path" value="C:\oracle\java\jdk6\jre\bin" />
    <property name="ant.project.default-target" value="build" />
    <property name="ant.project.name" value="LOG-LABO-3" />
    <property name="java.version" value="1.6.0_30" />
    <property name="env.AXIS2_HOME" value="c:\apache\axis2\1.6.1" />
    <property name="env.PROCESSOR_IDENTIFIER" value="AMD64 Family 16 Model 2 Stepping 3, AuthenticAMD" />
    <property name="env.DevEnvDir" value="C:\Program Files (x86)\Microsoft Visual Studio 10.0\Common7\IDE" />
    <property name="user.timezone" value="" />
    <property name="env.TEMP" value="C:\Users\AJ86150\AppData\Local\Temp" />
    <property name="env.LIBPATH" value="C:\WINDOWS\Microsoft.NET\Framework\v3.5;C:\WINDOWS\Microsoft.NET\Framework\v2.0.50727;C:\Program Files (x86)\Microsoft Visual Studio 10.0\VC\ATLMFC\LIB;C:\Program Files (x86)\Microsoft Visual Studio 10.0\VC\LIB;" />
    <property name="sun.arch.data.model" value="32" />
    <property name="java.endorsed.dirs" value="C:\oracle\java\jdk6\jre\lib\endorsed" />
    <property name="env.PROCESSOR_ARCHITEW6432" value="AMD64" />
    <property name="env.VSEDEFLOGDIR" value="C:\ProgramData\McAfee\DesktopProtection" />
    <property name="env._JAVACMD" value="C:\oracle\java\jdk6\bin\java.exe" />
    <property name="sun.cpu.isalist" value="" />
    <property name="env.HOMEDRIVE" value="C:" />
    <property name="sun.jnu.encoding" value="Cp1252" />
    <property name="file.encoding.pkg" value="sun.io" />
    <property name="file.separator" value="\" />
    <property name="env.JAVA_JRE_HOME" value="C:\oracle\java\jdk6\jre" />
    <property name="env.FrameworkDir" value="C:\WINDOWS\Microsoft.NET\Framework" />
    <property name="java.specification.name" value="Java Platform API Specification" />
    <property name="java.class.version" value="50.0" />
    <property name="user.country" value="CA" />
    <property name="java.home" value="C:\oracle\java\jdk6\jre" />
    <property name="env.PSModulePath" value="C:\Windows\system32\WindowsPowerShell\v1.0\Modules\" />
    <property name="env.APPDATA" value="C:\Users\AJ86150\AppData\Roaming" />
    <property name="env.PUBLIC" value="C:\Users\Public" />
    <property name="java.vm.info" value="mixed mode, sharing" />
    <property name="env.ComSpec" value="C:\Windows\system32\cmd.exe" />
    <property name="env.TOMCAT_HOME" value="c:\apache\tomcat\7.0.22" />
    <property name="env.OS" value="Windows_NT" />
    <property name="env.CommonProgramFiles" value="C:\Program Files (x86)\Common Files" />
    <property name="ant.file" value="J:\Workspace\LOG-LABO-3\build.xml" />
    <property name="os.version" value="6.1" />
    <property name="env.=ExitCode" value="00000001" />
    <property name="env.ProgramW6432" value="C:\Program Files" />
    <property name="env._USE_CLASSPATH" value="yes" />
    <property name="env.=::" value="::\" />
    <property name="env.AMDAPPSDKROOT" value="C:\Program Files (x86)\AMD APP\" />
    <property name="path.separator" value=";" />
    <property name="java.vm.version" value="20.5-b03" />
    <property name="user.variant" value="" />
    <property name="env.USERPROFILE" value="C:\Users\AJ86150" />
    <property name="ant.library.dir" value="C:\apache\ant\1.8.2\lib" />
    <property name="env.LIB" value="C:\Program Files (x86)\Microsoft Visual Studio 10.0\VC\ATLMFC\LIB;C:\Program Files (x86)\Microsoft Visual Studio 10.0\VC\LIB;C:\Program Files (x86)\Microsoft SDKs\Windows\v7.0A\lib;" />
    <property name="junit.output.dir" value="junit" />
    <property name="env.JAVA_HOME" value="C:\oracle\java\jdk6" />
    <property name="java.awt.printerjob" value="sun.awt.windows.WPrinterJob" />
    <property name="env.TMP" value="C:\Users\AJ86150\AppData\Local\Temp" />
    <property name="sun.io.unicode.encoding" value="UnicodeLittle" />
    <property name="awt.toolkit" value="sun.awt.windows.WToolkit" />
    <property name="env.Framework35Version" value="v3.5" />
    <property name="target" value="1.6" />
    <property name="user.home" value="C:\Users\AJ86150" />
    <property name="env.ProgramData" value="C:\ProgramData" />
    <property name="env.SESSIONNAME" value="Console" />
    <property name="env.ProgramFiles(x86)" value="C:\Program Files (x86)" />
    <property name="java.specification.vendor" value="Sun Microsystems Inc." />
    <property name="env.CLASSPATH" value=".;;C:\jogl-1.1.1-rc8-windows-i586\lib\jogl.jar;C:\jogl-1.1.1-rc8-windows-i586\lib\gluegen-rt.jar;C:\junit-4.8.2\junit-4.8.2.jar;C:\JSHOP2GUI_1.0.1\bin.build;C:\JSHOP2GUI_1.0.1" />
    <property name="java.library.path" value="C:\oracle\java\jdk6\jre\bin;C:\Windows\Sun\Java\bin;C:\Windows\system32;C:\Windows;%SystemRoot%\system32\WindowsPowerShell\v1.0\;C:\Program Files (x86)\AMD APP\bin\x86_64;C:\Program Files (x86)\AMD APP\bin\x86;C:\Windows\system32\WindowsPowerShell\v1.0\;C:\Windows\system32\WindowsPowerShell\v1.0\;C:\Windows\system32;C:\Windows;C:\Windows\System32\Wbem;C:\Windows\System32\WindowsPowerShell\v1.0\;C:\Program Files (x86)\GnuWin32\bin;C:\oracle\java\jdk6\bin;C:\Program Files (x86)\GnuWin32\bin;C:\gwt-2.0.3;C:\jacorb-2.3.1\bin;C:\jogl-1.1.1-rc8-windows-i586\lib;C:\john1701\run;c:\doxygen;C:\Program Files\MATLAB\runtime\win64;C:\Program Files\MATLAB\bin;c:\Program Files (x86)\Microsoft SQL Server\100\Tools\Binn\;c:\Program Files\Microsoft SQL Server\100\Tools\Binn\;c:\Program Files\Microsoft SQL Server\100\DTS\Binn\;C:\Program Files (x86)\Druide\Antidote 7\Programmes32;C:\Program Files (x86)\Druide\Antidote 7\Programmes64;c:\apache\ant\1.8.2\bin;c:\apache\maven\2.2.1\bin;c:\apache\tomcat\7.0.22\bin;c:\apache\axis2\1.6.1\bin;c:\apache\activemq\5.5.0\bin;C:\Program Files (x86)\Atmel\Flip 3.4.1\bin;C:\Program Files (x86)\GnuWin32\bin;C:\jacorb-3.0\bin;C:\Windows\System32\WindowsPowerShell\v1.0\;C:\Program Files (x86)\ATI Technologies\ATI.ACE\Core-Static;;C:\Program Files (x86)\GnuWin32\bin;C:\jacorb\2.3.1_x64\bin;." />
    <property name="java.vendor.url" value="http://java.sun.com/" />
    <property name="env.NUMBER_OF_PROCESSORS" value="4" />
    <property name="env.USERDNSDOMAIN" value="ENS.AD.ETSMTL.CA" />
    <property name="java.vm.vendor" value="Sun Microsystems Inc." />
    <property name="env.WindowsSdkDir" value="C:\Program Files (x86)\Microsoft SDKs\Windows\v7.0A\" />
    <property name="java.runtime.name" value="Java(TM) SE Runtime Environment" />
    <property name="java.class.path" value="J:\Workspace\LOG-LABO-3\bin;J:\Workspace\LOG-LABO-3\library\cglib-nodep-2.2.2.jar;J:\Workspace\LOG-LABO-3\library\easymock-3.1.jar;J:\Workspace\LOG-LABO-3\library\objenesis-1.2.jar;J:\Workspace\LOG-LABO-3\library\junit.jar;J:\Workspace\LOG-LABO-3\library\org.hamcrest.core_1.1.0.v20090501071000.jar;J:\Workspace\LOG-LABO-3;C:\jogl-1.1.1-rc8-windows-i586\lib\jogl.jar;C:\jogl-1.1.1-rc8-windows-i586\lib\gluegen-rt.jar;C:\junit-4.8.2\junit-4.8.2.jar;C:\JSHOP2GUI_1.0.1\bin.build;C:\JSHOP2GUI_1.0.1;C:\apache\ant\1.8.2\lib\ant-launcher.jar;C:\apache\ant\1.8.2\lib\ant.jar;C:\apache\ant\1.8.2\lib\ant-junit.jar;C:\apache\ant\1.8.2\lib\ant-junit4.jar" />
    <property name="ant.version" value="Apache Ant(TM) version 1.8.2 compiled on December 20 2010" />
    <property name="sun.java.command" value="org.apache.tools.ant.taskdefs.optional.junit.JUnitTestRunner tests.JoueurTest filtertrace=true haltOnError=false haltOnFailure=false formatter=org.apache.tools.ant.taskdefs.optional.junit.OutErrSummaryJUnitResultFormatter showoutput=false outputtoformatters=true logfailedtests=true logtestlistenerevents=false formatter=org.apache.tools.ant.taskdefs.optional.junit.XMLJUnitResultFormatter,J:\Workspace\LOG-LABO-3\junit\TEST-tests.JoueurTest.xml crashfile=J:\Workspace\LOG-LABO-3\junitvmwatcher2053148488717412910.properties propsfile=J:\Workspace\LOG-LABO-3\junit3103797013433387526.properties" />
    <property name="java.vm.specification.name" value="Java Virtual Machine Specification" />
    <property name="ant.file.type" value="file" />
    <property name="env.windir" value="C:\Windows" />
    <property name="env.LOGONSERVER" value="\\GRIOTTE" />
    <property name="env.PROCESSOR_ARCHITECTURE" value="x86" />
    <property name="java.vm.specification.version" value="1.0" />
    <property name="sun.os.patch.level" value="Service Pack 1" />
    <property name="sun.cpu.endian" value="little" />
    <property name="debuglevel" value="source,lines,vars" />
    <property name="env.ProgramFiles" value="C:\Program Files (x86)" />
    <property name="env.ANT_HOME" value="c:\apache\ant\1.8.2" />
    <property name="env.ACTIVEMQ_HOME" value="c:\apache\activemq\5.5.0" />
    <property name="java.io.tmpdir" value="C:\Users\AJ86150\AppData\Local\Temp\" />
    <property name="env.PROCESSOR_REVISION" value="0203" />
    <property name="env.CommonProgramFiles(x86)" value="C:\Program Files (x86)\Common Files" />
    <property name="java.vendor.url.bug" value="http://java.sun.com/cgi-bin/bugreport.cgi" />
    <property name="env.SystemRoot" value="C:\Windows" />
    <property name="os.arch" value="x86" />
    <property name="env.ANT_CMD_LINE_ARGS" value=" TestAll" />
    <property name="java.awt.graphicsenv" value="sun.awt.Win32GraphicsEnvironment" />
    <property name="java.ext.dirs" value="C:\oracle\java\jdk6\jre\lib\ext;C:\Windows\Sun\Java\lib\ext" />
    <property name="env.JAVA_JDK_HOME" value="C:\oracle\java\jdk6" />
    <property name="user.dir" value="J:\Workspace\LOG-LABO-3" />
    <property name="env.LOCALAPPDATA" value="C:\Users\AJ86150\AppData\Local" />
    <property name="env.MAVEN_HOME" value="c:\apache\maven\2.2.1" />
    <property name="env.=J:" value="J:\Workspace\LOG-LABO-3" />
    <property name="line.separator" value="&#xd;&#xa;" />
    <property name="java.vm.name" value="Java HotSpot(TM) Client VM" />
    <property name="env.PATHEXT" value=".COM;.EXE;.BAT;.CMD;.VBS;.VBE;.JS;.JSE;.WSF;.WSH;.MSC" />
    <property name="env.Path" value="%SystemRoot%\system32\WindowsPowerShell\v1.0\;C:\Program Files (x86)\AMD APP\bin\x86_64;C:\Program Files (x86)\AMD APP\bin\x86;C:\Windows\system32\WindowsPowerShell\v1.0\;C:\Windows\system32\WindowsPowerShell\v1.0\;C:\Windows\system32;C:\Windows;C:\Windows\System32\Wbem;C:\Windows\System32\WindowsPowerShell\v1.0\;C:\Program Files (x86)\GnuWin32\bin;C:\oracle\java\jdk6\bin;C:\Program Files (x86)\GnuWin32\bin;C:\gwt-2.0.3;C:\jacorb-2.3.1\bin;C:\jogl-1.1.1-rc8-windows-i586\lib;C:\john1701\run;c:\doxygen;C:\Program Files\MATLAB\runtime\win64;C:\Program Files\MATLAB\bin;c:\Program Files (x86)\Microsoft SQL Server\100\Tools\Binn\;c:\Program Files\Microsoft SQL Server\100\Tools\Binn\;c:\Program Files\Microsoft SQL Server\100\DTS\Binn\;C:\Program Files (x86)\Druide\Antidote 7\Programmes32;C:\Program Files (x86)\Druide\Antidote 7\Programmes64;c:\apache\ant\1.8.2\bin;c:\apache\maven\2.2.1\bin;c:\apache\tomcat\7.0.22\bin;c:\apache\axis2\1.6.1\bin;c:\apache\activemq\5.5.0\bin;C:\Program Files (x86)\Atmel\Flip 3.4.1\bin;C:\Program Files (x86)\GnuWin32\bin;C:\jacorb-3.0\bin;C:\Windows\System32\WindowsPowerShell\v1.0\;C:\Program Files (x86)\ATI Technologies\ATI.ACE\Core-Static;;C:\Program Files (x86)\GnuWin32\bin;C:\jacorb\2.3.1_x64\bin" />
    <property name="basedir" value="J:\Workspace\LOG-LABO-3" />
    <property name="ant.java.version" value="1.6" />
    <property name="ant.core.lib" value="C:\apache\ant\1.8.2\lib\ant.jar" />
    <property name="env.USERNAME" value="AJ86150" />
    <property name="env.VCINSTALLDIR" value="C:\Program Files (x86)\Microsoft Visual Studio 10.0\VC" />
    <property name="source" value="1.6" />
    <property name="env.SystemDrive" value="C:" />
    <property name="file.encoding" value="Cp1252" />
    <property name="env.VS100COMNTOOLS" value="C:\Program Files (x86)\Microsoft Visual Studio 10.0\Common7\Tools\" />
    <property name="env.USERDOMAIN" value="ENS" />
    <property name="java.specification.version" value="1.6" />
    <property name="env.=C:" value="C:\Users\AJ86150" />
    <property name="ant.project.invoked-targets" value="TestAll" />
    <property name="env.PROCESSOR_LEVEL" value="16" />
  </properties>
  <testcase classname="tests.JoueurTest" name="joueurAjouterScoreTest" time="0.0050" />
  <testcase classname="tests.JoueurTest" name="joueurSuperieurTest" time="0.0" />
  <testcase classname="tests.JoueurTest" name="joueurInferieurTest" time="0.0" />
  <testcase classname="tests.JoueurTest" name="joueurMemeScoreTest" time="0.0" />
  <testcase classname="tests.JoueurTest" name="joueurNullTest" time="0.0" />
  <system-out><![CDATA[]]></system-out>
  <system-err><![CDATA[]]></system-err>
</testsuite>
